Date: 2023-12-04 16:40:51
Ontology source: /C:/Users/Lenovoo/Documents/DB2%20Project/CircketWorldCup_DB2_Project.owl
Worksheet source: C:\Users\Lenovoo\Downloads\points_table (1).xls
Transformation rules: C:\Users\Lenovoo\Documents\DB2 Project\PointsTableAxiom.json

# Cell range: (points_table!A1:A+) Comment: ""
# Individual: @B* Types: @B* Facts: hasMatches @C*, hasWins @D*, hasRanking @A*, hasNetRunRate @I*, hasPoints @H*, hasLosses@E*, noResults@G*

Individual: Country  # Generated from value "Country" located at cell 'points_table'!B1.
   Facts: hasMatches "Matches"  # Generated from value "Matches" located at cell 'points_table'!C1.,
         hasWins "Won"  # Generated from value "Won" located at cell 'points_table'!D1.,
         hasRanking "Ranking"  # Generated from value "Ranking" located at cell 'points_table'!A1.,
         hasNetRunRate "Net Run Rate"  # Generated from value "Net Run Rate" located at cell 'points_table'!I1.,
         hasPoints "Points"  # Generated from value "Points" located at cell 'points_table'!H1.,
         hasLosses "Lost"  # Generated from value "Lost" located at cell 'points_table'!E1.,
         noResults "No Results"  # Generated from value "No Results" located at cell 'points_table'!G1.
   Types: Country
Individual: India  # Generated from value "India" located at cell 'points_table'!B2.
   Facts: hasMatches "9"  # Generated from value "9" located at cell 'points_table'!C2.,
         hasWins "9"  # Generated from value "9" located at cell 'points_table'!D2.,
         hasRanking "1"  # Generated from value "1" located at cell 'points_table'!A2.,
         hasNetRunRate "2.57"  # Generated from value "2.57" located at cell 'points_table'!I2.,
         hasPoints "18"  # Generated from value "18" located at cell 'points_table'!H2.,
         hasLosses "0"  # Generated from value "0" located at cell 'points_table'!E2.,
         noResults "0"  # Generated from value "0" located at cell 'points_table'!G2.
   Types: India
Individual: South Africa  # Generated from value "South Africa" located at cell 'points_table'!B3.
   Facts: hasMatches "9"  # Generated from value "9" located at cell 'points_table'!C3.,
         hasWins "7"  # Generated from value "7" located at cell 'points_table'!D3.,
         hasRanking "2"  # Generated from value "2" located at cell 'points_table'!A3.,
         hasNetRunRate "1.261"  # Generated from value "1.261" located at cell 'points_table'!I3.,
         hasPoints "14"  # Generated from value "14" located at cell 'points_table'!H3.,
         hasLosses "2"  # Generated from value "2" located at cell 'points_table'!E3.,
         noResults "0"  # Generated from value "0" located at cell 'points_table'!G3.
   Types: South Africa
Individual: Australia  # Generated from value "Australia" located at cell 'points_table'!B4.
   Facts: hasMatches "9"  # Generated from value "9" located at cell 'points_table'!C4.,
         hasWins "7"  # Generated from value "7" located at cell 'points_table'!D4.,
         hasRanking "3"  # Generated from value "3" located at cell 'points_table'!A4.,
         hasNetRunRate "0.841"  # Generated from value "0.841" located at cell 'points_table'!I4.,
         hasPoints "14"  # Generated from value "14" located at cell 'points_table'!H4.,
         hasLosses "2"  # Generated from value "2" located at cell 'points_table'!E4.,
         noResults "0"  # Generated from value "0" located at cell 'points_table'!G4.
   Types: Australia
Individual: New Zealand  # Generated from value "New Zealand" located at cell 'points_table'!B5.
   Facts: hasMatches "9"  # Generated from value "9" located at cell 'points_table'!C5.,
         hasWins "5"  # Generated from value "5" located at cell 'points_table'!D5.,
         hasRanking "4"  # Generated from value "4" located at cell 'points_table'!A5.,
         hasNetRunRate "0.743"  # Generated from value "0.743" located at cell 'points_table'!I5.,
         hasPoints "10"  # Generated from value "10" located at cell 'points_table'!H5.,
         hasLosses "4"  # Generated from value "4" located at cell 'points_table'!E5.,
         noResults "0"  # Generated from value "0" located at cell 'points_table'!G5.
   Types: New Zealand
Individual: Pakistan  # Generated from value "Pakistan" located at cell 'points_table'!B6.
   Facts: hasMatches "9"  # Generated from value "9" located at cell 'points_table'!C6.,
         hasWins "4"  # Generated from value "4" located at cell 'points_table'!D6.,
         hasRanking "5"  # Generated from value "5" located at cell 'points_table'!A6.,
         hasNetRunRate "-0.199"  # Generated from value "-0.199" located at cell 'points_table'!I6.,
         hasPoints "8"  # Generated from value "8" located at cell 'points_table'!H6.,
         hasLosses "5"  # Generated from value "5" located at cell 'points_table'!E6.,
         noResults "0"  # Generated from value "0" located at cell 'points_table'!G6.
   Types: Pakistan
Individual: Afghanistan  # Generated from value "Afghanistan" located at cell 'points_table'!B7.
   Facts: hasMatches "9"  # Generated from value "9" located at cell 'points_table'!C7.,
         hasWins "4"  # Generated from value "4" located at cell 'points_table'!D7.,
         hasRanking "6"  # Generated from value "6" located at cell 'points_table'!A7.,
         hasNetRunRate "-0.336"  # Generated from value "-0.336" located at cell 'points_table'!I7.,
         hasPoints "8"  # Generated from value "8" located at cell 'points_table'!H7.,
         hasLosses "5"  # Generated from value "5" located at cell 'points_table'!E7.,
         noResults "0"  # Generated from value "0" located at cell 'points_table'!G7.
   Types: Afghanistan
Individual: England  # Generated from value "England" located at cell 'points_table'!B8.
   Facts: hasMatches "9"  # Generated from value "9" located at cell 'points_table'!C8.,
         hasWins "3"  # Generated from value "3" located at cell 'points_table'!D8.,
         hasRanking "7"  # Generated from value "7" located at cell 'points_table'!A8.,
         hasNetRunRate "-0.572"  # Generated from value "-0.572" located at cell 'points_table'!I8.,
         hasPoints "6"  # Generated from value "6" located at cell 'points_table'!H8.,
         hasLosses "6"  # Generated from value "6" located at cell 'points_table'!E8.,
         noResults "0"  # Generated from value "0" located at cell 'points_table'!G8.
   Types: England
Individual: Bangladesh  # Generated from value "Bangladesh" located at cell 'points_table'!B9.
   Facts: hasMatches "9"  # Generated from value "9" located at cell 'points_table'!C9.,
         hasWins "2"  # Generated from value "2" located at cell 'points_table'!D9.,
         hasRanking "8"  # Generated from value "8" located at cell 'points_table'!A9.,
         hasNetRunRate "-1.087"  # Generated from value "-1.087" located at cell 'points_table'!I9.,
         hasPoints "4"  # Generated from value "4" located at cell 'points_table'!H9.,
         hasLosses "7"  # Generated from value "7" located at cell 'points_table'!E9.,
         noResults "0"  # Generated from value "0" located at cell 'points_table'!G9.
   Types: Bangladesh
Individual: Sri Lanka  # Generated from value "Sri Lanka" located at cell 'points_table'!B10.
   Facts: hasMatches "9"  # Generated from value "9" located at cell 'points_table'!C10.,
         hasWins "2"  # Generated from value "2" located at cell 'points_table'!D10.,
         hasRanking "9"  # Generated from value "9" located at cell 'points_table'!A10.,
         hasNetRunRate "-1.419"  # Generated from value "-1.419" located at cell 'points_table'!I10.,
         hasPoints "4"  # Generated from value "4" located at cell 'points_table'!H10.,
         hasLosses "7"  # Generated from value "7" located at cell 'points_table'!E10.,
         noResults "0"  # Generated from value "0" located at cell 'points_table'!G10.
   Types: Sri Lanka
Individual: Netherlands  # Generated from value "Netherlands" located at cell 'points_table'!B11.
   Facts: hasMatches "9"  # Generated from value "9" located at cell 'points_table'!C11.,
         hasWins "2"  # Generated from value "2" located at cell 'points_table'!D11.,
         hasRanking "10"  # Generated from value "10" located at cell 'points_table'!A11.,
         hasNetRunRate "-1.825"  # Generated from value "-1.825" located at cell 'points_table'!I11.,
         hasPoints "4"  # Generated from value "4" located at cell 'points_table'!H11.,
         hasLosses "7"  # Generated from value "7" located at cell 'points_table'!E11.,
         noResults "0"  # Generated from value "0" located at cell 'points_table'!G11.
   Types: Netherlands

===========================================================================================================
